e:\системное программирование\twocikles\twocikles\debug\twocikles.pch
e:\системное программирование\twocikles\twocikles\debug\vc120.pdb
e:\системное программирование\twocikles\twocikles\debug\vc120.idb
e:\системное программирование\twocikles\twocikles\debug\stdafx.obj
e:\системное программирование\twocikles\twocikles\debug\twocikles.obj
e:\системное программирование\twocikles\debug\twocikles.ilk
e:\системное программирование\twocikles\debug\twocikles.exe
e:\системное программирование\twocikles\debug\twocikles.pdb
d:\системное программирование\twocikles\twocikles\debug\stdafx.obj
d:\системное программирование\twocikles\twocikles\debug\twocikles.obj
d:\системное программирование\twocikles\twocikles\debug\twocikles.pch
d:\системное программирование\twocikles\twocikles\debug\vc120.idb
d:\системное программирование\twocikles\twocikles\debug\vc120.pdb
d:\системное программирование\twocikles\debug\twocikles.pdb
d:\системное программирование\twocikles\debug\twocikles.exe
d:\системное программирование\twocikles\debug\twocikles.ilk
d:\системное программирование\twocikles\twocikles\debug\twocikles.tlog\cl.read.1.tlog
d:\системное программирование\twocikles\twocikles\debug\twocikles.tlog\cl.write.1.tlog
d:\системное программирование\twocikles\twocikles\debug\twocikles.tlog\cl.command.1.tlog
d:\системное программирование\twocikles\twocikles\debug\twocikles.tlog\link.read.1.tlog
d:\системное программирование\twocikles\twocikles\debug\twocikles.tlog\link.write.1.tlog
d:\системное программирование\twocikles\twocikles\debug\twocikles.tlog\link.command.1.tlog
